<?xml version="1.0" encoding="UTF-8"?>
<testsuite xmlns:xsi="http://www.w3.org/2001/XMLSchema-instance" xsi:noNamespaceSchemaLocation="https://maven.apache.org/surefire/maven-surefire-plugin/xsd/surefire-test-report.xsd" name="cbd.cassandra.AppTest" time="0.189" tests="1" errors="0" skipped="0" failures="0">
  <properties>
    <property name="awt.toolkit" value="sun.awt.X11.XToolkit"/>
    <property name="java.specification.version" value="11"/>
    <property name="sun.cpu.isalist" value=""/>
    <property name="sun.jnu.encoding" value="UTF-8"/>
    <property name="java.class.path" value="/mnt/c/cUni/3year/CBD/Lab3/3_3/cass/target/test-classes:/mnt/c/cUni/3year/CBD/Lab3/3_3/cass/target/classes:/root/.m2/repository/junit/junit/4.11/junit-4.11.jar:/root/.m2/repository/org/hamcrest/hamcrest-core/1.3/hamcrest-core-1.3.jar:/root/.m2/repository/com/datastax/oss/java-driver-core/4.0.0/java-driver-core-4.0.0.jar:/root/.m2/repository/com/datastax/oss/native-protocol/1.4.4/native-protocol-1.4.4.jar:/root/.m2/repository/io/netty/netty-handler/4.1.34.Final/netty-handler-4.1.34.Final.jar:/root/.m2/repository/io/netty/netty-common/4.1.34.Final/netty-common-4.1.34.Final.jar:/root/.m2/repository/io/netty/netty-buffer/4.1.34.Final/netty-buffer-4.1.34.Final.jar:/root/.m2/repository/io/netty/netty-transport/4.1.34.Final/netty-transport-4.1.34.Final.jar:/root/.m2/repository/io/netty/netty-resolver/4.1.34.Final/netty-resolver-4.1.34.Final.jar:/root/.m2/repository/io/netty/netty-codec/4.1.34.Final/netty-codec-4.1.34.Final.jar:/root/.m2/repository/com/datastax/oss/java-driver-shaded-guava/25.1-jre/java-driver-shaded-guava-25.1-jre.jar:/root/.m2/repository/com/typesafe/config/1.3.3/config-1.3.3.jar:/root/.m2/repository/com/github/jnr/jnr-ffi/2.1.9/jnr-ffi-2.1.9.jar:/root/.m2/repository/com/github/jnr/jffi/1.2.17/jffi-1.2.17.jar:/root/.m2/repository/com/github/jnr/jffi/1.2.16/jffi-1.2.16-native.jar:/root/.m2/repository/org/ow2/asm/asm/5.0.3/asm-5.0.3.jar:/root/.m2/repository/org/ow2/asm/asm-commons/5.0.3/asm-commons-5.0.3.jar:/root/.m2/repository/org/ow2/asm/asm-analysis/5.0.3/asm-analysis-5.0.3.jar:/root/.m2/repository/org/ow2/asm/asm-tree/5.0.3/asm-tree-5.0.3.jar:/root/.m2/repository/org/ow2/asm/asm-util/5.0.3/asm-util-5.0.3.jar:/root/.m2/repository/com/github/jnr/jnr-a64asm/1.0.0/jnr-a64asm-1.0.0.jar:/root/.m2/repository/com/github/jnr/jnr-x86asm/1.0.2/jnr-x86asm-1.0.2.jar:/root/.m2/repository/com/github/jnr/jnr-posix/3.0.49/jnr-posix-3.0.49.jar:/root/.m2/repository/com/github/jnr/jnr-constants/0.9.9/jnr-constants-0.9.9.jar:/root/.m2/repository/org/slf4j/slf4j-api/1.7.26/slf4j-api-1.7.26.jar:/root/.m2/repository/io/dropwizard/metrics/metrics-core/4.0.5/metrics-core-4.0.5.jar:/root/.m2/repository/org/hdrhistogram/HdrHistogram/2.1.11/HdrHistogram-2.1.11.jar:/root/.m2/repository/com/github/stephenc/jcip/jcip-annotations/1.0-1/jcip-annotations-1.0-1.jar:/root/.m2/repository/com/github/spotbugs/spotbugs-annotations/3.1.12/spotbugs-annotations-3.1.12.jar:/root/.m2/repository/com/google/code/findbugs/jsr305/3.0.2/jsr305-3.0.2.jar:"/>
    <property name="java.vm.vendor" value="Ubuntu"/>
    <property name="sun.arch.data.model" value="64"/>
    <property name="java.vendor.url" value="https://ubuntu.com/"/>
    <property name="user.timezone" value=""/>
    <property name="java.vm.specification.version" value="11"/>
    <property name="os.name" value="Linux"/>
    <property name="sun.java.launcher" value="SUN_STANDARD"/>
    <property name="sun.boot.library.path" value="/usr/lib/jvm/java-11-openjdk-amd64/lib"/>
    <property name="sun.java.command" value="/mnt/c/cUni/3year/CBD/Lab3/3_3/cass/target/surefire/surefirebooter13147785993833866516.jar /mnt/c/cUni/3year/CBD/Lab3/3_3/cass/target/surefire 2022-11-27T22-35-50_310-jvmRun1 surefire15530262220327103914tmp surefire_06374132153128954100tmp"/>
    <property name="jdk.debug" value="release"/>
    <property name="surefire.test.class.path" value="/mnt/c/cUni/3year/CBD/Lab3/3_3/cass/target/test-classes:/mnt/c/cUni/3year/CBD/Lab3/3_3/cass/target/classes:/root/.m2/repository/junit/junit/4.11/junit-4.11.jar:/root/.m2/repository/org/hamcrest/hamcrest-core/1.3/hamcrest-core-1.3.jar:/root/.m2/repository/com/datastax/oss/java-driver-core/4.0.0/java-driver-core-4.0.0.jar:/root/.m2/repository/com/datastax/oss/native-protocol/1.4.4/native-protocol-1.4.4.jar:/root/.m2/repository/io/netty/netty-handler/4.1.34.Final/netty-handler-4.1.34.Final.jar:/root/.m2/repository/io/netty/netty-common/4.1.34.Final/netty-common-4.1.34.Final.jar:/root/.m2/repository/io/netty/netty-buffer/4.1.34.Final/netty-buffer-4.1.34.Final.jar:/root/.m2/repository/io/netty/netty-transport/4.1.34.Final/netty-transport-4.1.34.Final.jar:/root/.m2/repository/io/netty/netty-resolver/4.1.34.Final/netty-resolver-4.1.34.Final.jar:/root/.m2/repository/io/netty/netty-codec/4.1.34.Final/netty-codec-4.1.34.Final.jar:/root/.m2/repository/com/datastax/oss/java-driver-shaded-guava/25.1-jre/java-driver-shaded-guava-25.1-jre.jar:/root/.m2/repository/com/typesafe/config/1.3.3/config-1.3.3.jar:/root/.m2/repository/com/github/jnr/jnr-ffi/2.1.9/jnr-ffi-2.1.9.jar:/root/.m2/repository/com/github/jnr/jffi/1.2.17/jffi-1.2.17.jar:/root/.m2/repository/com/github/jnr/jffi/1.2.16/jffi-1.2.16-native.jar:/root/.m2/repository/org/ow2/asm/asm/5.0.3/asm-5.0.3.jar:/root/.m2/repository/org/ow2/asm/asm-commons/5.0.3/asm-commons-5.0.3.jar:/root/.m2/repository/org/ow2/asm/asm-analysis/5.0.3/asm-analysis-5.0.3.jar:/root/.m2/repository/org/ow2/asm/asm-tree/5.0.3/asm-tree-5.0.3.jar:/root/.m2/repository/org/ow2/asm/asm-util/5.0.3/asm-util-5.0.3.jar:/root/.m2/repository/com/github/jnr/jnr-a64asm/1.0.0/jnr-a64asm-1.0.0.jar:/root/.m2/repository/com/github/jnr/jnr-x86asm/1.0.2/jnr-x86asm-1.0.2.jar:/root/.m2/repository/com/github/jnr/jnr-posix/3.0.49/jnr-posix-3.0.49.jar:/root/.m2/repository/com/github/jnr/jnr-constants/0.9.9/jnr-constants-0.9.9.jar:/root/.m2/repository/org/slf4j/slf4j-api/1.7.26/slf4j-api-1.7.26.jar:/root/.m2/repository/io/dropwizard/metrics/metrics-core/4.0.5/metrics-core-4.0.5.jar:/root/.m2/repository/org/hdrhistogram/HdrHistogram/2.1.11/HdrHistogram-2.1.11.jar:/root/.m2/repository/com/github/stephenc/jcip/jcip-annotations/1.0-1/jcip-annotations-1.0-1.jar:/root/.m2/repository/com/github/spotbugs/spotbugs-annotations/3.1.12/spotbugs-annotations-3.1.12.jar:/root/.m2/repository/com/google/code/findbugs/jsr305/3.0.2/jsr305-3.0.2.jar:"/>
    <property name="sun.cpu.endian" value="little"/>
    <property name="user.home" value="/root"/>
    <property name="user.language" value="en"/>
    <property name="java.specification.vendor" value="Oracle Corporation"/>
    <property name="java.version.date" value="2022-01-18"/>
    <property name="java.home" value="/usr/lib/jvm/java-11-openjdk-amd64"/>
    <property name="file.separator" value="/"/>
    <property name="basedir" value="/mnt/c/cUni/3year/CBD/Lab3/3_3/cass"/>
    <property name="java.vm.compressedOopsMode" value="Zero based"/>
    <property name="line.separator" value="&#10;"/>
    <property name="java.specification.name" value="Java Platform API Specification"/>
    <property name="java.vm.specification.vendor" value="Oracle Corporation"/>
    <property name="java.awt.graphicsenv" value="sun.awt.X11GraphicsEnvironment"/>
    <property name="surefire.real.class.path" value="/mnt/c/cUni/3year/CBD/Lab3/3_3/cass/target/surefire/surefirebooter13147785993833866516.jar"/>
    <property name="sun.management.compiler" value="HotSpot 64-Bit Tiered Compilers"/>
    <property name="java.runtime.version" value="11.0.14+9-Ubuntu-0ubuntu2.20.04"/>
    <property name="user.name" value="root"/>
    <property name="path.separator" value=":"/>
    <property name="os.version" value="5.10.16.3-microsoft-standard-WSL2"/>
    <property name="java.runtime.name" value="OpenJDK Runtime Environment"/>
    <property name="file.encoding" value="UTF-8"/>
    <property name="java.vm.name" value="OpenJDK 64-Bit Server VM"/>
    <property name="localRepository" value="/root/.m2/repository"/>
    <property name="java.vendor.url.bug" value="https://bugs.launchpad.net/ubuntu/+source/openjdk-lts"/>
    <property name="java.io.tmpdir" value="/tmp"/>
    <property name="java.version" value="11.0.14"/>
    <property name="user.dir" value="/mnt/c/cUni/3year/CBD/Lab3/3_3/cass"/>
    <property name="os.arch" value="amd64"/>
    <property name="java.vm.specification.name" value="Java Virtual Machine Specification"/>
    <property name="java.awt.printerjob" value="sun.print.PSPrinterJob"/>
    <property name="sun.os.patch.level" value="unknown"/>
    <property name="java.library.path" value="/usr/java/packages/lib:/usr/lib/x86_64-linux-gnu/jni:/lib/x86_64-linux-gnu:/usr/lib/x86_64-linux-gnu:/usr/lib/jni:/lib:/usr/lib"/>
    <property name="java.vm.info" value="mixed mode, sharing"/>
    <property name="java.vendor" value="Ubuntu"/>
    <property name="java.vm.version" value="11.0.14+9-Ubuntu-0ubuntu2.20.04"/>
    <property name="sun.io.unicode.encoding" value="UnicodeLittle"/>
    <property name="java.class.version" value="55.0"/>
  </properties>
  <testcase name="shouldAnswerWithTrue" classname="cbd.cassandra.AppTest" time="0.007"/>
</testsuite>